<?xml version="1.0" encoding="UTF-8"?>
<testng-results ignored="0" total="1" passed="1" failed="0" skipped="0">
  <reporter-output>
  </reporter-output>
  <suite started-at="2022-08-23T15:34:30 IST" name="Default suite" finished-at="2022-08-23T15:34:48 IST" duration-ms="18200">
    <groups>
    </groups>
    <test started-at="2022-08-23T15:34:30 IST" name="Default test" finished-at="2022-08-23T15:34:48 IST" duration-ms="18200">
      <class name="com.qa.fb.tests.SignUpTest">
        <test-method is-config="true" signature="setUp()[pri:0, instance:com.qa.fb.tests.SignUpTest@38b27cdc]" started-at="2022-08-23T15:34:30 IST" name="setUp" finished-at="2022-08-23T15:34:30 IST" duration-ms="19" status="PASS">
          <reporter-output>
          </reporter-output>
        </test-method> <!-- setUp -->
        <test-method signature="signUpTest()[pri:0, instance:com.qa.fb.tests.SignUpTest@38b27cdc]" started-at="2022-08-23T15:34:30 IST" name="signUpTest" finished-at="2022-08-23T15:34:48 IST" duration-ms="17944" status="PASS">
          <reporter-output>
          </reporter-output>
        </test-method> <!-- signUpTest -->
      </class> <!-- com.qa.fb.tests.SignUpTest -->
    </test> <!-- Default test -->
  </suite> <!-- Default suite -->
</testng-results>
